-------------------------------------------------------------------------------
Test set: org.mal_lang.joh_mal_bugs.example1.test.Test1
-------------------------------------------------------------------------------
Tests run: 1, Failures: 1, Errors: 0, Skipped: 0, Time elapsed: 0.085 s <<< FAILURE! - in org.mal_lang.joh_mal_bugs.example1.test.Test1
org.mal_lang.joh_mal_bugs.example1.test.Test1.test1  Time elapsed: 0.072 s  <<< FAILURE!
org.opentest4j.AssertionFailedError: 
	at org.mal_lang.joh_mal_bugs.example1.test.Test1.test1(Test1.java:14)

