<?xml version="1.0" encoding="UTF-8"?>
<testsuite xmlns:xsi="http://www.w3.org/2001/XMLSchema-instance" xsi:noNamespaceSchemaLocation="https://maven.apache.org/surefire/maven-surefire-plugin/xsd/surefire-test-report-3.0.xsd" version="3.0" name="org.mal_lang.joh_mal_bugs.example1.test.Test1" time="0.085" tests="1" errors="0" skipped="0" failures="1">
  <properties>
[...]
</properties>
  <testcase name="test1" classname="org.mal_lang.joh_mal_bugs.example1.test.Test1" time="0.072">
    <failure type="org.opentest4j.AssertionFailedError"><![CDATA[org.opentest4j.AssertionFailedError: 
	at org.mal_lang.joh_mal_bugs.example1.test.Test1.test1(Test1.java:14)
]]></failure>
    <system-out><![CDATA[asset.abuse.ttc was supposed to be small, but was 1.7976931348623157E308.

Explaining uncompromise:
10 remaining explanation steps. didn't reach asset.abuse [1.7976931348623157E308] (AND) because 
9 remaining explanation steps.    but did reach asset.attemptAbuse [0.0].
9 remaining explanation steps.    but did reach asset.meh [0.0].

Explaining compromise:
]]></system-out>
  </testcase>
</testsuite>